<?xml version="1.0" encoding="UTF-8"?>
<!-- Generated by org.testng.reporters.JUnitReportReporter -->
<testsuite skipped="0" hostname="PC123" name="test_runner.TestRunner" tests="1" failures="0" timestamp="2019-11-04T12:53:10 PKT" time="39.045" errors="0">
  <testcase name="runScenario" time="39.045" classname="test_runner.TestRunner"/>
</testsuite> <!-- test_runner.TestRunner -->
