<?xml version="1.0" encoding="UTF-8"?>
<!-- Generated by org.testng.reporters.JUnitReportReporter -->
<testsuite hostname="PC123" failures="0" tests="1" name="test_runner.TestRunner" time="46.647" errors="1" timestamp="2019-11-01T20:13:15 PKT" skipped="0">
  <testcase classname="test_runner.TestRunner" name="runScenario" time="46.647">
    <error message="For input string: &quot;£43.48&quot;" type="java.lang.NumberFormatException">
      <![CDATA[java.lang.NumberFormatException: For input string: "£43.48"
at java.base/jdk.internal.math.FloatingDecimal.readJavaFormatString(FloatingDecimal.java:2054)
at java.base/jdk.internal.math.FloatingDecimal.parseFloat(FloatingDecimal.java:122)
at java.base/java.lang.Float.parseFloat(Float.java:461)
at pages.Checkout.getActualTotalPrice(Checkout.java:67)
at step_definitions.PriceValidation.i_ensure_that_the_total_price_is_calculated_correctly(PriceValidation.java:64)
at ✽.I ensure that the total price is calculated correctly(file:src/test/resources/features/TotalPriceVerification.feature:12)
]]>
    </error>
  </testcase> <!-- runScenario -->
</testsuite> <!-- test_runner.TestRunner -->
