<?xml version="1.0" encoding="UTF-8"?>
<!-- Generated by org.testng.reporters.JUnitReportReporter -->
<testsuite hostname="ENVY-15" failures="0" tests="1" name="test_runner.TestRunner" time="38.768" errors="0" timestamp="2019-11-02T03:37:54 PKT" skipped="0">
  <testcase classname="test_runner.TestRunner" name="runScenario" time="38.768"/>
</testsuite> <!-- test_runner.TestRunner -->
