<?xml version="1.0" encoding="UTF-8"?>
<!-- Generated by org.testng.reporters.JUnitReportReporter -->
<testsuite hostname="PC123" failures="0" tests="1" name="test_runner.TestRunner" time="0.110" errors="0" timestamp="2019-10-31T19:51:56 PKT" skipped="1">
  <testcase classname="test_runner.TestRunner" name="runScenario" time="0.110">
    <skipped/>
  </testcase> <!-- runScenario -->
</testsuite> <!-- test_runner.TestRunner -->
