<?xml version="1.0" encoding="UTF-8"?>
<testsuite name="test_runner.TestRunner" tests="1" skipped="1" failures="0" errors="0" timestamp="2019-10-31T14:51:56" hostname="PC123" time="0.11">
  <properties/>
  <testcase name="runScenario[0](&quot;Verify the total price of products added in the bag&quot;, &quot;SportsDirect - Verify Total Price&quot;)" classname="test_runner.TestRunner" time="0.11">
    <skipped/>
  </testcase>
  <system-out><![CDATA[]]></system-out>
  <system-err><![CDATA[]]></system-err>
</testsuite>
