<?xml version="1.0" encoding="UTF-8"?>
<testsuite name="test_runner.TestRunner" tests="1" skipped="0" failures="0" errors="0" timestamp="2019-11-04T07:52:30" hostname="PC123" time="39.045">
  <properties/>
  <testcase name="runScenario[0](&quot;validate the total price of products added in the bag&quot;, &quot;SportsDirect - validate Total Price&quot;)" classname="test_runner.TestRunner" time="39.045"/>
  <system-out><![CDATA[Launching: chrome
Actual Total price is 43.48
Individual Product prices[£39.98, £3.50]
Sum of products price is 43.48
Total Sum of Products Prices is EQUAL to the Actual Total Price Calculated
]]></system-out>
  <system-err><![CDATA[SLF4J: Failed to load class "org.slf4j.impl.StaticLoggerBinder".
SLF4J: Defaulting to no-operation (NOP) logger implementation
SLF4J: See http://www.slf4j.org/codes.html#StaticLoggerBinder for further details.
Starting ChromeDriver 77.0.3865.40 (f484704e052e0b556f8030b65b953dce96503217-refs/branch-heads/3865@{#442}) on port 45749
Only local connections are allowed.
Please protect ports used by ChromeDriver and related test frameworks to prevent access by malicious code.
Nov 04, 2019 12:52:37 PM org.openqa.selenium.remote.ProtocolHandshake createSession
INFO: Detected dialect: W3C
]]></system-err>
</testsuite>
